<?xml version="1.0" encoding="UTF-8"?>
<!-- Generated by org.testng.reporters.JUnitReportReporter -->
<testsuite hostname="SaiRam-PC" failures="0" tests="2" name="com.qa.testLayer.PageOneTest" time="8.076" errors="0" timestamp="2022-05-29T11:41:42 IST" skipped="0">
  <testcase classname="com.qa.testLayer.PageOneTest" name="verifyGatway" time="1.520"/>
  <system-out/>
  <testcase classname="com.qa.testLayer.PageOneTest" name="verifyContinueBtn" time="6.556"/>
  <system-out/>
</testsuite> <!-- com.qa.testLayer.PageOneTest -->
