<?xml version="1.0" encoding="UTF-8"?>
<!-- Generated by org.testng.reporters.JUnitReportReporter -->
<testsuite hostname="SaiRam-PC" failures="0" tests="3" name="com.qa.testLayer.PageTest" time="4.362" errors="0" timestamp="2022-05-29T11:44:51 IST" skipped="0">
  <testcase classname="com.qa.testLayer.PageTest" name="verifyGatway" time="0.349"/>
  <system-out/>
  <testcase classname="com.qa.testLayer.PageTest" name="verifyContinueBtn" time="3.313"/>
  <system-out/>
  <testcase classname="com.qa.testLayer.PageTest" name="verifyMobile" time="0.700"/>
  <system-out/>
</testsuite> <!-- com.qa.testLayer.PageTest -->
